[debug] [2021-05-19T19:02:07.838Z] ----------------------------------------------------------------------
[debug] [2021-05-19T19:02:07.857Z] Command:       D:\Apps\nodejs\node.exe C:\Users\Wabwi\AppData\Roaming\npm\node_modules\firebase-tools\lib\bin\firebase.js init
[debug] [2021-05-19T19:02:07.859Z] CLI Version:   9.11.0
[debug] [2021-05-19T19:02:07.859Z] Platform:      win32
[debug] [2021-05-19T19:02:07.859Z] Node Version:  v14.16.1
[debug] [2021-05-19T19:02:08.244Z] Time:          Wed May 19 2021 22:02:07 GMT+0300 (East Africa Time)
[debug] [2021-05-19T19:02:08.245Z] ----------------------------------------------------------------------
[debug] 
[debug] [2021-05-19T19:02:08.325Z] > command requires scopes: ["email","openid","https://www.googleapis.com/auth/cloudplatformprojects.readonly","https://www.googleapis.com/auth/firebase","https://www.googleapis.com/auth/cloud-platform"]
[debug] [2021-05-19T19:02:08.326Z] > authorizing via signed-in user (wabwiibrahim@gmail.com)
[info] 
     ######## #### ########  ######## ########     ###     ######  ########
     ##        ##  ##     ## ##       ##     ##  ##   ##  ##       ##
     ######    ##  ########  ######   ########  #########  ######  ######
     ##        ##  ##    ##  ##       ##     ## ##     ##       ## ##
     ##       #### ##     ## ######## ########  ##     ##  ######  ########

You're about to initialize a Firebase project in this directory:

  D:\Drive\comp sci\web dev\JavaScript\Learning JS\React\netflix-clone

[info] 
=== Project Setup
[info] 
[info] First, let's associate this project directory with a Firebase project.
[info] You can create multiple project aliases by running firebase use --add, 
[info] but for now we'll just set up a default project.
[info] 
[debug] [2021-05-19T19:02:32.506Z] >>> [apiv2][query] GET https://firebase.googleapis.com/v1beta1/projects pageSize=100
[debug] [2021-05-19T19:02:35.766Z] <<< [apiv2][status] GET https://firebase.googleapis.com/v1beta1/projects 200
[debug] [2021-05-19T19:02:35.767Z] <<< [apiv2][body] GET https://firebase.googleapis.com/v1beta1/projects [omitted]
[info] i  Using project netflix-clone-a83d3 (netflix-clone) 
[info] 
=== Hosting Setup
[info] 
[info] Your public directory is the folder (relative to your project directory) that
[info] will contain Hosting assets to be uploaded with firebase deploy. If you
[info] have a build process for your assets, use your build's output directory.
[info] 
